# Preference setting overrides
gui_create_pref_key -category {Globals} -key {load_detail_for_funcov} -value_type {bool} -value {false}

# State setting overrides
gui_state_default_create -off -ini
gui_set_state_value -category Globals -key recent_databases -value {{gui_open_db -file /nethome/lyuan39/Desktop/asyn_fifo/sim/dump.vcd -design V1} {gui_open_db -file /nethome/lyuan39/Desktop/ahb_component/sim/ahb_top_tb/dump.vcd -design V1} {gui_open_db -file /nethome/lyuan39/Desktop/ahb_component/sim/ahb_arbiter3_tb/dump.vcd -design V1} {gui_open_db -file /nethome/lyuan39/Desktop/uvm_switch_my/sim/dump.vcd -design V1} {gui_open_db -file /nethome/lyuan39/Desktop/counter.vcd -design V1}}
gui_set_state_value -category Layout -key child_console_size_x -value 1144
gui_set_state_value -category Layout -key child_console_size_y -value 141
gui_set_state_value -category Layout -key child_data_coltype -value 51
gui_set_state_value -category Layout -key child_data_colvalue -value 111
gui_set_state_value -category Layout -key child_data_colvariable -value 151
gui_set_state_value -category Layout -key child_data_size_x -value 309
gui_set_state_value -category Layout -key child_data_size_y -value 448
gui_set_state_value -category Layout -key child_hier_col3 -value {-1}
gui_set_state_value -category Layout -key child_hier_colhier -value 159
gui_set_state_value -category Layout -key child_hier_colpd -value 0
gui_set_state_value -category Layout -key child_hier_coltype -value 114
gui_set_state_value -category Layout -key child_hier_size_x -value 253
gui_set_state_value -category Layout -key child_hier_size_y -value 448
gui_set_state_value -category Layout -key child_hier_sort_order -value 1
gui_set_state_value -category Layout -key child_source_docknewline -value false
gui_set_state_value -category Layout -key child_source_pos_x -value {-2}
gui_set_state_value -category Layout -key child_source_pos_y -value {-15}
gui_set_state_value -category Layout -key child_source_size_x -value 585
gui_set_state_value -category Layout -key child_source_size_y -value 443
gui_set_state_value -category Layout -key child_wave_colname -value 168
gui_set_state_value -category Layout -key child_wave_colvalue -value 168
gui_set_state_value -category Layout -key child_wave_left -value 341
gui_set_state_value -category Layout -key child_wave_right -value 831
gui_set_state_value -category Layout -key main_pos_x -value 128
gui_set_state_value -category Layout -key main_pos_y -value 152
gui_set_state_value -category Layout -key main_size_x -value 1272
gui_set_state_value -category Layout -key main_size_y -value 840
gui_set_state_value -category Layout -key stand_wave_child_docknewline -value false
gui_set_state_value -category Layout -key stand_wave_child_pos_x -value {-2}
gui_set_state_value -category Layout -key stand_wave_child_pos_y -value {-15}
gui_set_state_value -category Layout -key stand_wave_child_size_x -value 1182
gui_set_state_value -category Layout -key stand_wave_child_size_y -value 652
gui_set_state_value -category Layout -key stand_wave_top_pos_x -value 115
gui_set_state_value -category Layout -key stand_wave_top_pos_y -value 25
gui_set_state_value -category Layout -key stand_wave_top_size_x -value 1292
gui_set_state_value -category Layout -key stand_wave_top_size_y -value 781
gui_create_state_key -category FindDialog -key m_pMatchCase -value_type bool -value false
gui_create_state_key -category FindDialog -key m_pMatchWord -value_type bool -value false
gui_create_state_key -category FindDialog -key m_pUseCombo -value_type string -value {}
gui_create_state_key -category FindDialog -key m_pWrapAround -value_type bool -value true
gui_create_state_key -category Widget_History -key {dlgSimSetup|m_setupTab|tab pages|SimTab|m_VPDCombo} -value_type string -value inter.vpd
gui_create_state_key -category Widget_History -key {dlgSimSetup|m_setupTab|tab pages|SimTab|m_curDirCombo} -value_type string -value /nethome/lyuan39/Desktop
gui_create_state_key -category Widget_History -key {dlgSimSetup|m_setupTab|tab pages|SimTab|m_exeCombo} -value_type string -value test.sv
gui_state_default_create -off

# Begin command logging
gui_open_db -file /nethome/lyuan39/Desktop/asyn_fifo/sim/dump.vcd -design V1
gui_list_expand -id  Hier.1   fifo_tb
gui_list_select -id Hier.1 -current_item_name fifo_tb.a_fifo -current_item_type Scope  -selected  { fifo_tb.a_fifo   }
gui_open_window Wave
gui_list_add -id Wave.1 -from Hier.1 { fifo_tb.a_fifo } -insertionbar
gui_close_window -window TopLevel.2
gui_list_select -id Hier.1 -current_item_name fifo_tb.a_fifo -current_item_type Scope  -selected  {  }
gui_list_select -id Hier.1 -current_item_name fifo_tb.a_fifo -current_item_type Scope  -selected  { fifo_tb.a_fifo   }
gui_open_window Wave
gui_list_add -id Wave.1 -from Hier.1 { fifo_tb.a_fifo } -insertionbar
gui_marker_move -id  Wave.1 C1 42
gui_marker_move -id  Wave.1 C1 111
gui_marker_move -id  Wave.1 C1 216
gui_marker_move -id  Wave.1 C1 242
gui_wv_zoom_timerange -id  Wave.1 0 294
gui_wv_zoom_timerange -id  Wave.1 0 310
gui_wv_scrollright -id  Wave.1  line
gui_wv_scrollright -id  Wave.1  line
gui_wv_scrollright -id  Wave.1  line
gui_wv_scrollright -id  Wave.1  line
gui_wv_scrollright -id  Wave.1  line
gui_wv_scrollright -id  Wave.1  line
gui_wv_scrollright -id  Wave.1  line
gui_marker_move -id  Wave.1 C1 264
gui_marker_move -id  Wave.1 C1 290
gui_wv_scrollright -id  Wave.1  line
gui_wv_scrollright -id  Wave.1  line
gui_wv_scrollright -id  Wave.1  line
gui_wv_scrollright -id  Wave.1  line
gui_wv_scrollright -id  Wave.1  line
gui_marker_move -id  Wave.1 C1 451
gui_marker_select -id  Wave.1 { C1 }
gui_marker_move -id  Wave.1 C1 450
gui_marker_move -id  Wave.1 C1 446
gui_wv_scrollleft -id  Wave.1  line
gui_wv_scrollleft -id  Wave.1  line
gui_wv_scrollleft -id  Wave.1  line
gui_wv_scrollleft -id  Wave.1  line
gui_wv_scrollleft -id  Wave.1  line
gui_wv_scrollleft -id  Wave.1  line
gui_wv_scrollleft -id  Wave.1  line
gui_wv_scrollleft -id  Wave.1  line
gui_wv_scrollleft -id  Wave.1  line
gui_wv_scrollleft -id  Wave.1  line
gui_wv_scrollright -id  Wave.1  line
gui_wv_scrollright -id  Wave.1  line
gui_wv_scrollright -id  Wave.1  line
gui_wv_scrollright -id  Wave.1  line
gui_wv_scrollright -id  Wave.1  line
gui_wv_scrollright -id  Wave.1  line
gui_wv_scrollright -id  Wave.1  line
gui_wv_scrollright -id  Wave.1  line
gui_wv_scrollright -id  Wave.1  line
gui_wv_scrollright -id  Wave.1  line
gui_wv_scrollright -id  Wave.1  line
gui_wv_scrollright -id  Wave.1  line
gui_wv_scrollright -id  Wave.1  line
gui_wv_scrollright -id  Wave.1  line
gui_wv_scrollright -id  Wave.1  line
gui_wv_scrollright -id  Wave.1  line
gui_wv_scrollright -id  Wave.1  line
gui_close_window -window TopLevel.2
gui_open_window Wave
gui_list_add -id Wave.1 -from Hier.1 { fifo_tb.a_fifo } -insertionbar
gui_wv_scrollright -id  Wave.1  line
gui_wv_scrollright -id  Wave.1  line
gui_wv_scrollright -id  Wave.1  line
gui_wv_scrollright -id  Wave.1  line
gui_wv_scrollright -id  Wave.1  line
gui_wv_scrollright -id  Wave.1  line
gui_wv_scrollright -id  Wave.1  line
gui_wv_scrollright -id  Wave.1  line
gui_wv_scrollright -id  Wave.1  line
gui_wv_scrollright -id  Wave.1  line
gui_wv_scrollright -id  Wave.1  line
gui_wv_scrollright -id  Wave.1  line
gui_wv_scrollright -id  Wave.1  line
gui_wv_scrollright -id  Wave.1  line
gui_marker_move -id  Wave.1 C1 451
gui_marker_select -id  Wave.1 { C1 }
gui_scroll -window Wave.1 -vrel -.2
gui_marker_move -id  Wave.1 C1 319
gui_marker_move -id  Wave.1 C1 319
gui_open_db -file /nethome/lyuan39/Desktop/asyn_fifo/sim/dump.vcd -design V2
gui_open_window Wave
gui_list_add -id Wave.2 -from Hier.1 { V1:fifo_tb.a_fifo } -insertionbar
gui_wv_zoom_timerange -id  Wave.2 0 243
gui_wv_zoom_timerange -id  Wave.2 0 189
gui_wv_zoom_timerange -id  Wave.2 0 191
gui_wv_scrollright -id  Wave.2  line
gui_wv_scrollright -id  Wave.2  line
gui_wv_scrollright -id  Wave.2  line
gui_wv_scrollright -id  Wave.2  line
gui_wv_scrollright -id  Wave.2  line
gui_wv_scrollright -id  Wave.2  line
gui_wv_scrollright -id  Wave.2  line
gui_wv_scrollright -id  Wave.2  line
gui_wv_scrollright -id  Wave.2  line
gui_wv_scrollright -id  Wave.2  line
gui_wv_scrollright -id  Wave.2  line
gui_wv_scrollright -id  Wave.2  line
gui_wv_scrollright -id  Wave.2  line
gui_wv_scrollright -id  Wave.2  line
gui_wv_scrollright -id  Wave.2  line
gui_wv_scrollright -id  Wave.2  line
gui_wv_scrollright -id  Wave.2  line
gui_wv_scrollright -id  Wave.2  line
gui_wv_scrollright -id  Wave.2  line
gui_wv_scrollright -id  Wave.2  line
gui_wv_scrollright -id  Wave.2  line
gui_wv_scrollright -id  Wave.2  line
gui_wv_scrollright -id  Wave.2  line
gui_wv_scrollright -id  Wave.2  line
gui_wv_scrollright -id  Wave.2  line
gui_wv_scrollright -id  Wave.2  line
gui_wv_scrollright -id  Wave.2  line
gui_wv_scrollright -id  Wave.2  line
gui_wv_scrollright -id  Wave.2  line
gui_wv_scrollright -id  Wave.2  line
gui_wv_scrollright -id  Wave.2  line
gui_wv_scrollright -id  Wave.2  line
gui_marker_move -id  Wave.2 C1 450
gui_wv_scrollright -id  Wave.2  line
gui_wv_scrollright -id  Wave.2  line
gui_wv_scrollright -id  Wave.2  line
gui_wv_scrollright -id  Wave.2  line
gui_wv_scrollright -id  Wave.2  line
gui_wv_scrollright -id  Wave.2  line
gui_wv_scrollright -id  Wave.2  line
gui_marker_select -id  Wave.2 { C1 }
gui_marker_move -id  Wave.2 C1 487
gui_marker_move -id  Wave.2 C1 490
gui_marker_move -id  Wave.2 C1 510
gui_wv_scrollright -id  Wave.2  line
gui_wv_scrollright -id  Wave.2  line
gui_wv_scrollright -id  Wave.2  line
gui_wv_scrollright -id  Wave.2  line
gui_wv_scrollright -id  Wave.2  line
gui_wv_scrollright -id  Wave.2  line
gui_wv_scrollright -id  Wave.2  line
gui_wv_scrollright -id  Wave.2  line
gui_wv_scrollright -id  Wave.2  line
gui_wv_scrollright -id  Wave.2  line
gui_wv_scrollright -id  Wave.2  line
gui_wv_scrollright -id  Wave.2  line
gui_wv_scrollright -id  Wave.2  line
gui_wv_scrollright -id  Wave.2  line
gui_wv_scrollright -id  Wave.2  line
gui_wv_scrollright -id  Wave.2  line
gui_wv_scrollright -id  Wave.2  line
gui_wv_scrollright -id  Wave.2  line
gui_wv_scrollright -id  Wave.2  line
gui_wv_scrollright -id  Wave.2  line
gui_wv_scrollright -id  Wave.2  line
gui_wv_scrollright -id  Wave.2  line
gui_wv_scrollright -id  Wave.2  line
gui_wv_scrollright -id  Wave.2  line
gui_wv_scrollright -id  Wave.2  line
gui_wv_scrollright -id  Wave.2  line
gui_wv_scrollright -id  Wave.2  line
gui_wv_scrollright -id  Wave.2  line
gui_wv_scrollright -id  Wave.2  line
gui_wv_scrollright -id  Wave.2  line
gui_wv_scrollright -id  Wave.2  line
gui_wv_scrollright -id  Wave.2  line
gui_marker_move -id  Wave.2 C1 818
gui_marker_move -id  Wave.2 C1 833
gui_marker_move -id  Wave.2 C1 830
gui_marker_move -id  Wave.2 C1 790
gui_wv_scrollleft -id  Wave.2  line
gui_wv_scrollleft -id  Wave.2  line
gui_wv_scrollleft -id  Wave.2  line
gui_wv_scrollleft -id  Wave.2  line
gui_open_db -file /nethome/lyuan39/Desktop/asyn_fifo/sim/dump.vcd -design V3
gui_close_window -window TopLevel.3
gui_open_window Wave
gui_list_add -id Wave.2 -from Hier.1 { V1:fifo_tb.a_fifo } -insertionbar
gui_wv_scrollright -id  Wave.2  line
gui_wv_scrollright -id  Wave.2  line
gui_wv_scrollright -id  Wave.2  line
gui_wv_scrollright -id  Wave.2  line
gui_wv_scrollright -id  Wave.2  line
gui_wv_scrollright -id  Wave.2  line
gui_wv_scrollright -id  Wave.2  line
gui_wv_scrollright -id  Wave.2  line
gui_wv_scrollright -id  Wave.2  line
gui_wv_scrollright -id  Wave.2  line
gui_wv_scrollright -id  Wave.2  line
gui_wv_scrollright -id  Wave.2  line
gui_wv_scrollright -id  Wave.2  line
gui_wv_scrollright -id  Wave.2  line
gui_wv_scrollright -id  Wave.2  line
gui_wv_scrollright -id  Wave.2  line
gui_wv_scrollright -id  Wave.2  line
gui_wv_scrollright -id  Wave.2  line
gui_wv_scrollright -id  Wave.2  line
gui_wv_scrollright -id  Wave.2  line
gui_wv_scrollright -id  Wave.2  line
gui_wv_scrollright -id  Wave.2  line
gui_wv_scrollright -id  Wave.2  line
gui_wv_scrollright -id  Wave.2  line
gui_wv_scrollright -id  Wave.2  line
gui_wv_scrollright -id  Wave.2  line
gui_wv_scrollright -id  Wave.2  line
gui_wv_scrollright -id  Wave.2  line
gui_wv_scrollright -id  Wave.2  line
gui_wv_scrollright -id  Wave.2  line
gui_marker_move -id  Wave.2 C1 450
gui_close_window -window TopLevel.1
gui_close_window -window TopLevel.2
gui_wv_scrollright -id  Wave.2  line
gui_wv_scrollright -id  Wave.2  line
gui_wv_scrollright -id  Wave.2  line
gui_wv_scrollright -id  Wave.2  line
gui_wv_scrollleft -id  Wave.2  line
gui_scroll -window Wave.2 -hrel -.2
gui_scroll -window Wave.2 -hrel -.2
